{"C:\\Users\\User\\Desktop\\Chat\\src\\components\\Form.js": {"path":"C:\\Users\\User\\Desktop\\Chat\\src\\components\\Form.js","statementMap":{"0":{"start":{"line":5,"column":8},"end":{"line":5,"column":16}},"1":{"start":{"line":6,"column":8},"end":{"line":9,"column":10}},"2":{"start":{"line":13,"column":8},"end":{"line":16,"column":11}},"3":{"start":{"line":17,"column":8},"end":{"line":20,"column":11}},"4":{"start":{"line":24,"column":31},"end":{"line":24,"column":41}},"5":{"start":{"line":26,"column":8},"end":{"line":49,"column":12}},"6":{"start":{"line":32,"column":29},"end":{"line":32,"column":65}},"7":{"start":{"line":39,"column":29},"end":{"line":39,"column":69}},"8":{"start":{"line":47,"column":29},"end":{"line":47,"column":46}}},"fnMap":{"0":{"name":"(anonymous_0)","decl":{"start":{"line":4,"column":4},"end":{"line":4,"column":5}},"loc":{"start":{"line":4,"column":17},"end":{"line":10,"column":5}},"line":4},"1":{"name":"(anonymous_1)","decl":{"start":{"line":12,"column":4},"end":{"line":12,"column":5}},"loc":{"start":{"line":12,"column":16},"end":{"line":21,"column":5}},"line":12},"2":{"name":"(anonymous_2)","decl":{"start":{"line":23,"column":4},"end":{"line":23,"column":5}},"loc":{"start":{"line":23,"column":12},"end":{"line":50,"column":5}},"line":23},"3":{"name":"(anonymous_3)","decl":{"start":{"line":32,"column":24},"end":{"line":32,"column":25}},"loc":{"start":{"line":32,"column":29},"end":{"line":32,"column":65}},"line":32},"4":{"name":"(anonymous_4)","decl":{"start":{"line":39,"column":24},"end":{"line":39,"column":25}},"loc":{"start":{"line":39,"column":29},"end":{"line":39,"column":69}},"line":39},"5":{"name":"(anonymous_5)","decl":{"start":{"line":47,"column":23},"end":{"line":47,"column":24}},"loc":{"start":{"line":47,"column":29},"end":{"line":47,"column":46}},"line":47}},"branchMap":{},"s":{"0":1,"1":1,"2":1,"3":1,"4":4,"5":4,"6":1,"7":1,"8":1},"f":{"0":1,"1":1,"2":4,"3":1,"4":1,"5":1},"b":{},"_coverageSchema":"1a1c01bbd47fc00a2c39e90264f33305004495a9","hash":"fb7e0aac1f299e3c8d0dce82a17324777987deec"}
,"C:\\Users\\User\\Desktop\\Chat\\src\\components\\Message.js": {"path":"C:\\Users\\User\\Desktop\\Chat\\src\\components\\Message.js","statementMap":{"0":{"start":{"line":5,"column":32},"end":{"line":5,"column":42}},"1":{"start":{"line":6,"column":8},"end":{"line":9,"column":14}}},"fnMap":{"0":{"name":"(anonymous_0)","decl":{"start":{"line":4,"column":4},"end":{"line":4,"column":5}},"loc":{"start":{"line":4,"column":13},"end":{"line":10,"column":5}},"line":4}},"branchMap":{},"s":{"0":3,"1":3},"f":{"0":3},"b":{},"_coverageSchema":"1a1c01bbd47fc00a2c39e90264f33305004495a9","hash":"f9410379deca493cbac435caed01145820981d8e"}
,"C:\\Users\\User\\Desktop\\Chat\\src\\components\\MessagesList.js": {"path":"C:\\Users\\User\\Desktop\\Chat\\src\\components\\MessagesList.js","statementMap":{"0":{"start":{"line":6,"column":27},"end":{"line":6,"column":37}},"1":{"start":{"line":7,"column":8},"end":{"line":14,"column":14}},"2":{"start":{"line":10,"column":20},"end":{"line":11,"column":71}}},"fnMap":{"0":{"name":"(anonymous_0)","decl":{"start":{"line":5,"column":4},"end":{"line":5,"column":5}},"loc":{"start":{"line":5,"column":12},"end":{"line":15,"column":5}},"line":5},"1":{"name":"(anonymous_1)","decl":{"start":{"line":9,"column":30},"end":{"line":9,"column":31}},"loc":{"start":{"line":10,"column":20},"end":{"line":11,"column":71}},"line":10}},"branchMap":{},"s":{"0":2,"1":2,"2":2},"f":{"0":2,"1":2},"b":{},"_coverageSchema":"1a1c01bbd47fc00a2c39e90264f33305004495a9","hash":"389e75e481337f334eba8df8288ffbb441af90b3"}
}
